\BOOKMARK [0][-]{chapter.1}{第一章  绪论}{}% 1
\BOOKMARK [1][-]{section.1.1}{1.1 课题研究背景及意义}{chapter.1}% 2
\BOOKMARK [1][-]{section.1.2}{1.2 课题研究现状}{chapter.1}% 3
\BOOKMARK [2][-]{subsection.1.2.1}{1.2.1 Android软件发展现状}{section.1.2}% 4
\BOOKMARK [2][-]{subsection.1.2.2}{1.2.2 手势识别研究现状}{section.1.2}% 5
\BOOKMARK [1][-]{section.1.3}{1.3 论文主要内容安排}{chapter.1}% 6
\BOOKMARK [0][-]{chapter.2}{第二章  相关知识}{}% 7
\BOOKMARK [1][-]{section.2.1}{2.1 Android平台}{chapter.2}% 8
\BOOKMARK [2][-]{subsection.2.1.1}{2.1.1 Android起源及发展状况}{section.2.1}% 9
\BOOKMARK [2][-]{subsection.2.1.2}{2.1.2 Android平台及其优点}{section.2.1}% 10
\BOOKMARK [2][-]{subsection.2.1.3}{2.1.3 Android系统架构原理}{section.2.1}% 11
\BOOKMARK [1][-]{section.2.2}{2.2 NDK简介}{chapter.2}% 12
\BOOKMARK [1][-]{section.2.3}{2.3 OpenCV简介}{chapter.2}% 13
\BOOKMARK [1][-]{section.2.4}{2.4 常见图像处理方法}{chapter.2}% 14
\BOOKMARK [2][-]{subsection.2.4.1}{2.4.1 图像的剪切}{section.2.4}% 15
\BOOKMARK [2][-]{subsection.2.4.2}{2.4.2 图像的缩放}{section.2.4}% 16
\BOOKMARK [2][-]{subsection.2.4.3}{2.4.3 图像的旋转}{section.2.4}% 17
\BOOKMARK [0][-]{chapter.3}{第三章  关键技术}{}% 18
\BOOKMARK [1][-]{section.3.1}{3.1 手势图像预处理}{chapter.3}% 19
\BOOKMARK [2][-]{subsection.3.1.1}{3.1.1 灰度处理}{section.3.1}% 20
\BOOKMARK [2][-]{subsection.3.1.2}{3.1.2 平滑处理}{section.3.1}% 21
\BOOKMARK [1][-]{section.3.2}{3.2 手势特征提取}{chapter.3}% 22
\BOOKMARK [2][-]{subsection.3.2.1}{3.2.1 Canny检测轮廓}{section.3.2}% 23
\BOOKMARK [2][-]{subsection.3.2.2}{3.2.2 直线检测}{section.3.2}% 24
\BOOKMARK [2][-]{subsection.3.2.3}{3.2.3 轮廓的提取与描述}{section.3.2}% 25
\BOOKMARK [1][-]{section.3.3}{3.3 照相机线程冲突解决方案}{chapter.3}% 26
\BOOKMARK [1][-]{section.3.4}{3.4 Android平台C和Java交叉编译}{chapter.3}% 27
\BOOKMARK [0][-]{chapter.4}{第四章  算法设计与实现}{}% 28
\BOOKMARK [1][-]{section.4.1}{4.1 手势选取}{chapter.4}% 29
\BOOKMARK [1][-]{section.4.2}{4.2 算法流程}{chapter.4}% 30
\BOOKMARK [2][-]{subsection.4.2.1}{4.2.1 前端预览模块}{section.4.2}% 31
\BOOKMARK [2][-]{subsection.4.2.2}{4.2.2 预处理模块}{section.4.2}% 32
\BOOKMARK [2][-]{subsection.4.2.3}{4.2.3 手势识别模块}{section.4.2}% 33
\BOOKMARK [1][-]{section.4.3}{4.3 算法封装结构}{chapter.4}% 34
\BOOKMARK [0][-]{chapter.5}{第五章  Demo实现与实验结果}{}% 35
\BOOKMARK [1][-]{section.5.1}{5.1 测试环境}{chapter.5}% 36
\BOOKMARK [1][-]{section.5.2}{5.2 Demo框架}{chapter.5}% 37
\BOOKMARK [1][-]{section.5.3}{5.3 关键技术实现}{chapter.5}% 38
\BOOKMARK [2][-]{subsection.5.3.1}{5.3.1 前端渲染}{section.5.3}% 39
\BOOKMARK [2][-]{subsection.5.3.2}{5.3.2 相机控制}{section.5.3}% 40
\BOOKMARK [1][-]{section.5.4}{5.4 实验结果}{chapter.5}% 41
\BOOKMARK [2][-]{subsection.5.4.1}{5.4.1 Log记录}{section.5.4}% 42
\BOOKMARK [2][-]{subsection.5.4.2}{5.4.2 CPU与系统内存占用}{section.5.4}% 43
\BOOKMARK [2][-]{subsection.5.4.3}{5.4.3 拍照实例}{section.5.4}% 44
\BOOKMARK [0][-]{chapter.6}{第六章  总结与展望}{}% 45
\BOOKMARK [0][-]{chapter*.4}{致  谢}{}% 46
\BOOKMARK [0][-]{chapter*.5}{参考文献}{}% 47
